<?xml version="1.0" encoding="UTF-8"?>
<!-- Generated by org.testng.reporters.JUnitXMLReporter -->
<testsuite ignored="2" hostname="Pratik" failures="0" tests="4" name="Test" time="20.143" errors="0" timestamp="2024-09-03T11:46:35 IST">
  <testcase classname="Testcases.VerifyRegistation" name="verifyRegisterationWithValidData" time="4.644"/>
  <testcase classname="Testcases.VerifyRegistation" name="VerifyregistationBlankdata" time="0.965"/>
  <testcase classname="Testcases.VerifyLogin" name="verifyLoginWithValidData" time="2.256"/>
  <testcase classname="Testcases.VerifyLogin" name="verifyLoginWithInValidData" time="1.58"/>
  <testcase classname="Resources.BaseClass" name="@AfterSuite endReprortCode" time="0.0">
    <ignored/>
  </testcase> <!-- @AfterSuite endReprortCode -->
  <testcase classname="Resources.BaseClass" name="@BeforeSuite extenReprort" time="0.0">
    <ignored/>
  </testcase> <!-- @BeforeSuite extenReprort -->
</testsuite> <!-- Test -->
